2012-11-05 15:42:20  Fatal error: Division by zero (clusterstatd:14)
2012-11-05 15:42:32  Fatal error: Division by zero (clusterstatd:14)
2012-11-05 15:42:40  Fatal error: Division by zero (clusterstatd:14)
2012-11-05 15:42:41  Fatal error: Division by zero (clusterstatd:14)
2012-11-05 15:42:41  Fatal error: Division by zero (clusterstatd:14)
2012-11-05 15:42:41  Fatal error: Division by zero (clusterstatd:14)
2012-11-05 15:42:41  Fatal error: Division by zero (clusterstatd:14)
2012-11-05 15:42:42  Fatal error: Division by zero (clusterstatd:14)
2012-11-05 15:42:42  Fatal error: Division by zero (clusterstatd:14)
2012-11-05 15:44:56  Fatal error: Division by zero (clusterstatd:16)
2012-11-05 15:45:31  [MAIN] Fatal error: Division by zero (clusterstatd:16)
2012-11-05 15:51:07  [MAIN] Fatal error: register_shutdown_function(): Invalid shutdown callback 'stop' passed (clusterstatd:12)
2012-11-05 15:51:31  [MAIN] Fatal error: register_shutdown_function(): Invalid shutdown callback 'pleite' passed (clusterstatd:12)
2012-11-05 16:18:40  [MAIN] Fatal error: register_shutdown_function(): Invalid shutdown callback 'pleite' passed (clusterstatd:12)
2012-11-05 16:31:48  [MAIN] Fatal error: Constant LOG_APPLICATION already defined (config.php:4)
2012-11-05 16:34:34  [MAIN] Fatal error: Constant LOG_APPLICATION already defined (config.php:4)
2012-11-08 17:59:35  [MAIN] Fatal error: Webserver controller callback function should have 2 parameters, 0 given
2012-11-08 17:59:55  [MAIN] Fatal error: Webserver controller callback function should have 2 parameters, 0 given
2012-11-08 18:00:15  [MAIN] Fatal error: Webserver controller callback function should have 2 parameters, 0 given
2012-11-08 18:00:16  [MAIN] Fatal error: Webserver controller callback function should have 2 parameters, 0 given
2012-11-08 18:04:53  [MAIN] Undefined variable: this (clusterstatd:29)
2012-11-08 18:04:56  [MAIN] Undefined variable: this (clusterstatd:29)
2012-11-08 18:04:57  [MAIN] Undefined variable: this (clusterstatd:29)
2012-11-08 18:05:03  [MAIN] Undefined variable: this (clusterstatd:29)
2012-11-08 18:07:12  [MAIN] Undefined variable: this (clusterstatd:29)
2012-11-08 18:07:13  [MAIN] Undefined variable: this (clusterstatd:29)
2012-11-08 18:07:14  [MAIN] Undefined variable: this (clusterstatd:29)
2012-11-08 18:08:08  [MAIN] Undefined variable: this (clusterstatd:29)
2012-11-08 18:09:08  [MAIN] date() expects at least 1 parameter, 0 given (clusterstatd:29)
2012-11-08 18:09:39  [MAIN] date() expects at least 1 parameter, 0 given (clusterstatd:29)
2012-11-08 18:09:40  [MAIN] date() expects at least 1 parameter, 0 given (clusterstatd:29)
2012-11-08 18:09:40  [MAIN] date() expects at least 1 parameter, 0 given (clusterstatd:29)
2012-11-08 18:09:40  [MAIN] date() expects at least 1 parameter, 0 given (clusterstatd:29)
2012-11-08 18:09:40  [MAIN] date() expects at least 1 parameter, 0 given (clusterstatd:29)
2012-11-08 18:09:40  [MAIN] date() expects at least 1 parameter, 0 given (clusterstatd:29)
2012-11-08 18:09:41  [MAIN] date() expects at least 1 parameter, 0 given (clusterstatd:29)
2012-11-08 18:09:41  [MAIN] date() expects at least 1 parameter, 0 given (clusterstatd:29)
2012-11-08 18:09:41  [MAIN] date() expects at least 1 parameter, 0 given (clusterstatd:29)
2012-11-08 18:09:42  [MAIN] date() expects at least 1 parameter, 0 given (clusterstatd:29)
2012-11-08 18:09:42  [MAIN] date() expects at least 1 parameter, 0 given (clusterstatd:29)
2012-11-08 18:09:42  [MAIN] date() expects at least 1 parameter, 0 given (clusterstatd:29)
